<?xml version="1.0" encoding="UTF-8"?>
<!-- Generated by org.testng.reporters.JUnitReportReporter -->
<testsuite hostname="DESKTOP-8UST9F6" failures="0" tests="2" name="Day7.Authentications" time="4.917" errors="0" timestamp="2024-07-20T14:33:37 IST" skipped="0">
  <testcase classname="Day7.Authentications" name="testBearerTokenAuthentication" time="4.469"/>
  <system-out/>
  <testcase classname="Day7.Authentications" name="testAPIKeyAuthentication" time="0.448"/>
  <system-out/>
</testsuite> <!-- Day7.Authentications -->
