<?xml version="1.0" encoding="UTF-8"?>
<!-- Generated by org.testng.reporters.JUnitReportReporter -->
<testsuite hostname="DESKTOP-8UST9F6" failures="0" tests="4" name="Day1.HttpRequests" time="5.667" errors="0" timestamp="2024-07-19T14:21:30 IST" skipped="0">
  <testcase classname="Day1.HttpRequests" name="getUsers" time="3.730"/>
  <system-out/>
  <testcase classname="Day1.HttpRequests" name="createUser" time="1.085"/>
  <system-out/>
  <testcase classname="Day1.HttpRequests" name="updateUser" time="0.441"/>
  <system-out/>
  <testcase classname="Day1.HttpRequests" name="DeleteUser" time="0.411"/>
  <system-out/>
</testsuite> <!-- Day1.HttpRequests -->
