<?xml version="1.0" encoding="UTF-8"?>
<!-- Generated by org.testng.reporters.JUnitReportReporter -->
<testsuite hostname="DESKTOP-8UST9F6" failures="0" tests="2" name="UploadDownloadFile.UploadDownloadFile" time="16.058" errors="0" timestamp="2024-07-19T20:20:28 IST" skipped="0">
  <testcase classname="UploadDownloadFile.UploadDownloadFile" name="downloadFile" time="2.719"/>
  <system-out/>
  <testcase classname="UploadDownloadFile.UploadDownloadFile" name="uploadFile" time="13.339"/>
  <system-out/>
</testsuite> <!-- UploadDownloadFile.UploadDownloadFile -->
