<?xml version="1.0" encoding="UTF-8"?>
<!-- Generated by org.testng.reporters.JUnitReportReporter -->
<testsuite hostname="DESKTOP-8UST9F6" failures="0" tests="1" name="Day3.PathAndQueryParameters" time="3.472" errors="0" timestamp="2024-07-19T15:47:03 IST" skipped="0">
  <testcase classname="Day3.PathAndQueryParameters" name="testQueryPathParameters" time="3.472"/>
  <system-out/>
</testsuite> <!-- Day3.PathAndQueryParameters -->
