<?xml version="1.0" encoding="UTF-8"?>
<!-- Generated by org.testng.reporters.JUnitReportReporter -->
<testsuite hostname="DESKTOP-8UST9F6" failures="0" tests="1" name="Day2.DifferentWaysToCratePostrequestBody" time="4.476" errors="0" timestamp="2024-07-19T15:34:21 IST" skipped="0">
  <testcase classname="Day2.DifferentWaysToCratePostrequestBody" name="postRequestBodyUsingExternalFile" time="4.476"/>
  <system-out/>
</testsuite> <!-- Day2.DifferentWaysToCratePostrequestBody -->
