<?xml version="1.0" encoding="UTF-8"?>
<!-- Generated by org.testng.reporters.JUnitReportReporter -->
<testsuite hostname="DESKTOP-8UST9F6" failures="0" tests="1" name="Day3.CookieDemo" time="4.180" errors="0" timestamp="2024-07-19T17:44:07 IST" skipped="0">
  <testcase classname="Day3.CookieDemo" name="getCookiesInfo" time="4.180"/>
  <system-out/>
</testsuite> <!-- Day3.CookieDemo -->
