<?xml version="1.0" encoding="UTF-8"?>
<!-- Generated by org.testng.reporters.JUnitReportReporter -->
<testsuite hostname="DESKTOP-8UST9F6" failures="0" tests="1" name="Day4.ParsingJsonResponse" time="2.596" errors="0" timestamp="2024-07-19T19:43:35 IST" skipped="0">
  <testcase classname="Day4.ParsingJsonResponse" name="fetchallElementsFromJson" time="2.596"/>
  <system-out/>
</testsuite> <!-- Day4.ParsingJsonResponse -->
