<?xml version="1.0" encoding="UTF-8"?>
<!-- Generated by org.testng.reporters.JUnitReportReporter -->
<testsuite hostname="DESKTOP-8UST9F6" failures="0" tests="1" name="Day3.LoggingDemo" time="4.461" errors="0" timestamp="2024-07-19T18:05:32 IST" skipped="0">
  <testcase classname="Day3.LoggingDemo" name="testLogs" time="4.461"/>
  <system-out/>
</testsuite> <!-- Day3.LoggingDemo -->
