<?xml version="1.0" encoding="UTF-8"?>
<!-- Generated by org.testng.reporters.JUnitReportReporter -->
<testsuite hostname="DESKTOP-8UST9F6" failures="0" tests="1" name="Day7.FakeDataGenerator" time="0.470" errors="0" timestamp="2024-07-20T14:44:30 IST" skipped="0">
  <testcase classname="Day7.FakeDataGenerator" name="testGenerateDummyData" time="0.470"/>
  <system-out/>
</testsuite> <!-- Day7.FakeDataGenerator -->
