<?xml version="1.0" encoding="UTF-8"?>
<!-- Generated by org.testng.reporters.JUnitReportReporter -->
<testsuite hostname="DESKTOP-8UST9F6" failures="0" tests="1" name="Day3.Headers" time="3.639" errors="0" timestamp="2024-07-19T18:00:58 IST" skipped="0">
  <testcase classname="Day3.Headers" name="getHeaders" time="3.639"/>
  <system-out/>
</testsuite> <!-- Day3.Headers -->
