<?xml version="1.0" encoding="UTF-8"?>
<!-- Generated by org.testng.reporters.JUnitReportReporter -->
<testsuite hostname="DESKTOP-8UST9F6" failures="0" tests="1" name="Day8.UpdateUser" time="1.233" errors="0" timestamp="2024-07-20T16:54:25 IST" skipped="0">
  <testcase classname="Day8.UpdateUser" name="test_updateUser" time="1.233"/>
  <system-out/>
</testsuite> <!-- Day8.UpdateUser -->
