<?xml version="1.0" encoding="UTF-8"?>
<!-- Generated by org.testng.reporters.JUnitReportReporter -->
<testsuite hostname="DESKTOP-8UST9F6" failures="0" tests="1" name="Day6.XMLSchemaValidation" time="3.255" errors="0" timestamp="2024-07-20T11:19:20 IST" skipped="0">
  <testcase classname="Day6.XMLSchemaValidation" name="xmlSchemaValidation" time="3.255"/>
  <system-out/>
</testsuite> <!-- Day6.XMLSchemaValidation -->
