<?xml version="1.0" encoding="UTF-8"?>
<!-- Generated by org.testng.reporters.JUnitReportReporter -->
<testsuite hostname="DESKTOP-8UST9F6" failures="0" tests="1" name="Day6.SerializationDeserialization" time="0.473" errors="0" timestamp="2024-07-20T11:59:27 IST" skipped="0">
  <testcase classname="Day6.SerializationDeserialization" name="convertJsonToPojo" time="0.473"/>
  <system-out/>
</testsuite> <!-- Day6.SerializationDeserialization -->
