<?xml version="1.0" encoding="UTF-8"?>
<!-- Generated by org.testng.reporters.JUnitReportReporter -->
<testsuite hostname="DESKTOP-8UST9F6" failures="0" tests="1" name="Day5.ParsingXMLResponse" time="4.551" errors="0" timestamp="2024-07-20T10:45:36 IST" skipped="0">
  <testcase classname="Day5.ParsingXMLResponse" name="testXMLResponseApproach3" time="4.551"/>
  <system-out/>
</testsuite> <!-- Day5.ParsingXMLResponse -->
