<?xml version="1.0" encoding="UTF-8"?>
<!-- Generated by org.testng.reporters.JUnitReportReporter -->
<testsuite hostname="DESKTOP-8UST9F6" failures="0" tests="1" name="Day6.JSONSchemaValidation" time="3.530" errors="0" timestamp="2024-07-20T11:06:12 IST" skipped="0">
  <testcase classname="Day6.JSONSchemaValidation" name="jsonSchemaValidation" time="3.530"/>
  <system-out/>
</testsuite> <!-- Day6.JSONSchemaValidation -->
